Obtaining JSON from switch...
Done
Control utility for runtime P4 table manipulation
RuntimeCmd: RuntimeCmd: RuntimeCmd: RuntimeCmd: Error: Invalid register name (MyIngress.training_len)
RuntimeCmd: Error: Invalid register name (MyIngress.alpha)
RuntimeCmd: Error: Invalid register name (MyIngress.k)
RuntimeCmd: Error: Invalid register name (MyIngress.k_noattack)
RuntimeCmd: Error: Invalid register name (MyIngress.k_attack)
RuntimeCmd: Error: Invalid register name (MyIngress.device_status)
RuntimeCmd: Error: Invalid register name (MyEgress.features)
RuntimeCmd: Error: Invalid register name (MyEgress.features)
RuntimeCmd: RuntimeCmd: Adding entry to lpm match table MyIngress.src_entropy_term
match key:           LPM-00:00:00:00/31
action:              MyIngress.get_entropy_term
runtime data:        00:00:00:00
Entry has been added with handle 0
RuntimeCmd: Adding entry to lpm match table MyIngress.src_entropy_term
match key:           LPM-00:00:00:02/32
action:              MyIngress.get_entropy_term
runtime data:        00:00:00:20
Entry has been added with handle 1
RuntimeCmd: Adding entry to lpm match table MyIngress.src_entropy_term
match key:           LPM-00:00:00:03/32
action:              MyIngress.get_entropy_term
runtime data:        00:00:00:2c
Entry has been added with handle 2
RuntimeCmd: Adding entry to lpm match table MyIngress.src_entropy_term
match key:           LPM-00:00:00:04/32
action:              MyIngress.get_entropy_term
runtime data:        00:00:00:34
Entry has been added with handle 3
RuntimeCmd: Adding entry to lpm match table MyIngress.src_entropy_term
match key:           LPM-00:00:00:05/32
action:              MyIngress.get_entropy_term
runtime data:        00:00:00:3a
Entry has been added with handle 4
RuntimeCmd: Adding entry to lpm match table MyIngress.src_entropy_term
match key:           LPM-00:00:00:06/32
action:              MyIngress.get_entropy_term
runtime data:        00:00:00:3e
Entry has been added with handle 5
RuntimeCmd: Adding entry to lpm match table MyIngress.src_entropy_term
match key:           LPM-00:00:00:07/32
action:              MyIngress.get_entropy_term
runtime data:        00:00:00:42
Entry has been added with handle 6
RuntimeCmd: Adding entry to lpm match table MyIngress.src_entropy_term
match key:           LPM-00:00:00:08/32
action:              MyIngress.get_entropy_term
runtime data:        00:00:00:46
Entry has been added with handle 7
RuntimeCmd: Adding entry to lpm match table MyIngress.src_entropy_term
match key:           LPM-00:00:00:09/32
action:              MyIngress.get_entropy_term
runtime data:        00:00:00:48
Entry has been added with handle 8
RuntimeCmd: Adding entry to lpm match table MyIngress.src_entropy_term
match key:           LPM-00:00:00:0a/32
action:              MyIngress.get_entropy_term
runtime data:        00:00:00:4b
Entry has been added with handle 9
RuntimeCmd: Adding entry to lpm match table MyIngress.src_entropy_term
match key:           LPM-00:00:00:0b/32
action:              MyIngress.get_entropy_term
runtime data:        00:00:00:4d
Entry has been added with handle 10
RuntimeCmd: Adding entry to lpm match table MyIngress.src_entropy_term
match key:           LPM-00:00:00:0c/32
action:              MyIngress.get_entropy_term
runtime data:        00:00:00:4f
Entry has been added with handle 11
RuntimeCmd: Adding entry to lpm match table MyIngress.src_entropy_term
match key:           LPM-00:00:00:0d/32
action:              MyIngress.get_entropy_term
runtime data:        00:00:00:51
Entry has been added with handle 12
RuntimeCmd: Adding entry to lpm match table MyIngress.src_entropy_term
match key:           LPM-00:00:00:0e/32
action:              MyIngress.get_entropy_term
runtime data:        00:00:00:53
Entry has been added with handle 13
RuntimeCmd: Adding entry to lpm match table MyIngress.src_entropy_term
match key:           LPM-00:00:00:0f/32
action:              MyIngress.get_entropy_term
runtime data:        00:00:00:55
Entry has been added with handle 14
RuntimeCmd: Adding entry to lpm match table MyIngress.src_entropy_term
match key:           LPM-00:00:00:10/32
action:              MyIngress.get_entropy_term
runtime data:        00:00:00:56
Entry has been added with handle 15
RuntimeCmd: Adding entry to lpm match table MyIngress.src_entropy_term
match key:           LPM-00:00:00:11/32
action:              MyIngress.get_entropy_term
runtime data:        00:00:00:58
Entry has been added with handle 16
RuntimeCmd: Adding entry to lpm match table MyIngress.src_entropy_term
match key:           LPM-00:00:00:12/31
action:              MyIngress.get_entropy_term
runtime data:        00:00:00:59
Entry has been added with handle 17
RuntimeCmd: Adding entry to lpm match table MyIngress.src_entropy_term
match key:           LPM-00:00:00:14/31
action:              MyIngress.get_entropy_term
runtime data:        00:00:00:5c
Entry has been added with handle 18
RuntimeCmd: Adding entry to lpm match table MyIngress.src_entropy_term
match key:           LPM-00:00:00:16/31
action:              MyIngress.get_entropy_term
runtime data:        00:00:00:5e
Entry has been added with handle 19
RuntimeCmd: Adding entry to lpm match table MyIngress.src_entropy_term
match key:           LPM-00:00:00:18/31
action:              MyIngress.get_entropy_term
runtime data:        00:00:00:60
Entry has been added with handle 20
RuntimeCmd: Adding entry to lpm match table MyIngress.src_entropy_term
match key:           LPM-00:00:00:1a/31
action:              MyIngress.get_entropy_term
runtime data:        00:00:00:62
Entry has been added with handle 21
RuntimeCmd: Adding entry to lpm match table MyIngress.src_entropy_term
match key:           LPM-00:00:00:1c/31
action:              MyIngress.get_entropy_term
runtime data:        00:00:00:64
Entry has been added with handle 22
RuntimeCmd: Adding entry to lpm match table MyIngress.src_entropy_term
match key:           LPM-00:00:00:1e/31
action:              MyIngress.get_entropy_term
runtime data:        00:00:00:65
Entry has been added with handle 23
RuntimeCmd: Adding entry to lpm match table MyIngress.src_entropy_term
match key:           LPM-00:00:00:20/31
action:              MyIngress.get_entropy_term
runtime data:        00:00:00:67
Entry has been added with handle 24
RuntimeCmd: Adding entry to lpm match table MyIngress.src_entropy_term
match key:           LPM-00:00:00:22/31
action:              MyIngress.get_entropy_term
runtime data:        00:00:00:68
Entry has been added with handle 25
RuntimeCmd: Adding entry to lpm match table MyIngress.src_entropy_term
match key:           LPM-00:00:00:24/31
action:              MyIngress.get_entropy_term
runtime data:        00:00:00:69
Entry has been added with handle 26
RuntimeCmd: Adding entry to lpm match table MyIngress.src_entropy_term
match key:           LPM-00:00:00:26/31
action:              MyIngress.get_entropy_term
runtime data:        00:00:00:6b
Entry has been added with handle 27
RuntimeCmd: Adding entry to lpm match table MyIngress.src_entropy_term
match key:           LPM-00:00:00:28/31
action:              MyIngress.get_entropy_term
runtime data:        00:00:00:6c
Entry has been added with handle 28
RuntimeCmd: Adding entry to lpm match table MyIngress.src_entropy_term
match key:           LPM-00:00:00:2a/31
action:              MyIngress.get_entropy_term
runtime data:        00:00:00:6d
Entry has been added with handle 29
RuntimeCmd: Adding entry to lpm match table MyIngress.src_entropy_term
match key:           LPM-00:00:00:2c/31
action:              MyIngress.get_entropy_term
runtime data:        00:00:00:6e
Entry has been added with handle 30
RuntimeCmd: Adding entry to lpm match table MyIngress.src_entropy_term
match key:           LPM-00:00:00:2e/31
action:              MyIngress.get_entropy_term
runtime data:        00:00:00:6f
Entry has been added with handle 31
RuntimeCmd: Adding entry to lpm match table MyIngress.src_entropy_term
match key:           LPM-00:00:00:30/31
action:              MyIngress.get_entropy_term
runtime data:        00:00:00:70
Entry has been added with handle 32
RuntimeCmd: Adding entry to lpm match table MyIngress.src_entropy_term
match key:           LPM-00:00:00:32/31
action:              MyIngress.get_entropy_term
runtime data:        00:00:00:71
Entry has been added with handle 33
RuntimeCmd: Adding entry to lpm match table MyIngress.src_entropy_term
match key:           LPM-00:00:00:34/30
action:              MyIngress.get_entropy_term
runtime data:        00:00:00:72
Entry has been added with handle 34
RuntimeCmd: Adding entry to lpm match table MyIngress.src_entropy_term
match key:           LPM-00:00:00:38/30
action:              MyIngress.get_entropy_term
runtime data:        00:00:00:74
Entry has been added with handle 35
RuntimeCmd: Adding entry to lpm match table MyIngress.src_entropy_term
match key:           LPM-00:00:00:3c/31
action:              MyIngress.get_entropy_term
runtime data:        00:00:00:75
Entry has been added with handle 36
RuntimeCmd: Adding entry to lpm match table MyIngress.src_entropy_term
match key:           LPM-00:00:00:3e/31
action:              MyIngress.get_entropy_term
runtime data:        00:00:00:76
Entry has been added with handle 37
RuntimeCmd: Adding entry to lpm match table MyIngress.src_entropy_term
match key:           LPM-00:00:00:40/30
action:              MyIngress.get_entropy_term
runtime data:        00:00:00:77
Entry has been added with handle 38
RuntimeCmd: Adding entry to lpm match table MyIngress.src_entropy_term
match key:           LPM-00:00:00:44/30
action:              MyIngress.get_entropy_term
runtime data:        00:00:00:78
Entry has been added with handle 39
RuntimeCmd: Adding entry to lpm match table MyIngress.src_entropy_term
match key:           LPM-00:00:00:48/30
action:              MyIngress.get_entropy_term
runtime data:        00:00:00:7a
Entry has been added with handle 40
RuntimeCmd: Adding entry to lpm match table MyIngress.src_entropy_term
match key:           LPM-00:00:00:4c/30
action:              MyIngress.get_entropy_term
runtime data:        00:00:00:7b
Entry has been added with handle 41
RuntimeCmd: Adding entry to lpm match table MyIngress.src_entropy_term
match key:           LPM-00:00:00:50/30
action:              MyIngress.get_entropy_term
runtime data:        00:00:00:7c
Entry has been added with handle 42
RuntimeCmd: Adding entry to lpm match table MyIngress.src_entropy_term
match key:           LPM-00:00:00:54/30
action:              MyIngress.get_entropy_term
runtime data:        00:00:00:7d
Entry has been added with handle 43
RuntimeCmd: Adding entry to lpm match table MyIngress.src_entropy_term
match key:           LPM-00:00:00:58/30
action:              MyIngress.get_entropy_term
runtime data:        00:00:00:7e
Entry has been added with handle 44
RuntimeCmd: Adding entry to lpm match table MyIngress.src_entropy_term
match key:           LPM-00:00:00:5c/30
action:              MyIngress.get_entropy_term
runtime data:        00:00:00:7f
Entry has been added with handle 45
RuntimeCmd: Adding entry to lpm match table MyIngress.src_entropy_term
match key:           LPM-00:00:00:60/30
action:              MyIngress.get_entropy_term
runtime data:        00:00:00:80
Entry has been added with handle 46
RuntimeCmd: Adding entry to lpm match table MyIngress.src_entropy_term
match key:           LPM-00:00:00:64/30
action:              MyIngress.get_entropy_term
runtime data:        00:00:00:81
Entry has been added with handle 47
RuntimeCmd: Adding entry to lpm match table MyIngress.src_entropy_term
match key:           LPM-00:00:00:68/30
action:              MyIngress.get_entropy_term
runtime data:        00:00:00:82
Entry has been added with handle 48
RuntimeCmd: Adding entry to lpm match table MyIngress.src_entropy_term
match key:           LPM-00:00:00:6c/30
action:              MyIngress.get_entropy_term
runtime data:        00:00:00:83
Entry has been added with handle 49
RuntimeCmd: Adding entry to lpm match table MyIngress.src_entropy_term
match key:           LPM-00:00:00:70/29
action:              MyIngress.get_entropy_term
runtime data:        00:00:00:84
Entry has been added with handle 50
RuntimeCmd: Adding entry to lpm match table MyIngress.src_entropy_term
match key:           LPM-00:00:00:78/30
action:              MyIngress.get_entropy_term
runtime data:        00:00:00:85
Entry has been added with handle 51
RuntimeCmd: Adding entry to lpm match table MyIngress.src_entropy_term
match key:           LPM-00:00:00:7c/30
action:              MyIngress.get_entropy_term
runtime data:        00:00:00:86
Entry has been added with handle 52
RuntimeCmd: Adding entry to lpm match table MyIngress.src_entropy_term
match key:           LPM-00:00:00:80/29
action:              MyIngress.get_entropy_term
runtime data:        00:00:00:87
Entry has been added with handle 53
RuntimeCmd: Adding entry to lpm match table MyIngress.src_entropy_term
match key:           LPM-00:00:00:88/30
action:              MyIngress.get_entropy_term
runtime data:        00:00:00:88
Entry has been added with handle 54
RuntimeCmd: Adding entry to lpm match table MyIngress.src_entropy_term
match key:           LPM-00:00:00:8c/30
action:              MyIngress.get_entropy_term
runtime data:        00:00:00:89
Entry has been added with handle 55
RuntimeCmd: Adding entry to lpm match table MyIngress.src_entropy_term
match key:           LPM-00:00:00:90/29
action:              MyIngress.get_entropy_term
runtime data:        00:00:00:8a
Entry has been added with handle 56
RuntimeCmd: Adding entry to lpm match table MyIngress.src_entropy_term
match key:           LPM-00:00:00:98/29
action:              MyIngress.get_entropy_term
runtime data:        00:00:00:8b
Entry has been added with handle 57
RuntimeCmd: Adding entry to lpm match table MyIngress.src_entropy_term
match key:           LPM-00:00:00:a0/29
action:              MyIngress.get_entropy_term
runtime data:        00:00:00:8c
Entry has been added with handle 58
RuntimeCmd: Adding entry to lpm match table MyIngress.src_entropy_term
match key:           LPM-00:00:00:a8/29
action:              MyIngress.get_entropy_term
runtime data:        00:00:00:8d
Entry has been added with handle 59
RuntimeCmd: Adding entry to lpm match table MyIngress.src_entropy_term
match key:           LPM-00:00:00:b0/29
action:              MyIngress.get_entropy_term
runtime data:        00:00:00:8e
Entry has been added with handle 60
RuntimeCmd: Adding entry to lpm match table MyIngress.src_entropy_term
match key:           LPM-00:00:00:b8/29
action:              MyIngress.get_entropy_term
runtime data:        00:00:00:8f
Entry has been added with handle 61
RuntimeCmd: Adding entry to lpm match table MyIngress.src_entropy_term
match key:           LPM-00:00:00:c0/29
action:              MyIngress.get_entropy_term
runtime data:        00:00:00:90
Entry has been added with handle 62
RuntimeCmd: Adding entry to lpm match table MyIngress.src_entropy_term
match key:           LPM-00:00:00:c8/29
action:              MyIngress.get_entropy_term
runtime data:        00:00:00:91
Entry has been added with handle 63
RuntimeCmd: Adding entry to lpm match table MyIngress.src_entropy_term
match key:           LPM-00:00:00:d0/29
action:              MyIngress.get_entropy_term
runtime data:        00:00:00:92
Entry has been added with handle 64
RuntimeCmd: Adding entry to lpm match table MyIngress.src_entropy_term
match key:           LPM-00:00:00:d8/29
action:              MyIngress.get_entropy_term
runtime data:        00:00:00:93
Entry has been added with handle 65
RuntimeCmd: Adding entry to lpm match table MyIngress.src_entropy_term
match key:           LPM-00:00:00:e0/28
action:              MyIngress.get_entropy_term
runtime data:        00:00:00:94
Entry has been added with handle 66
RuntimeCmd: Adding entry to lpm match table MyIngress.src_entropy_term
match key:           LPM-00:00:00:f0/28
action:              MyIngress.get_entropy_term
runtime data:        00:00:00:96
Entry has been added with handle 67
RuntimeCmd: Adding entry to lpm match table MyIngress.src_entropy_term
match key:           LPM-00:00:01:00/28
action:              MyIngress.get_entropy_term
runtime data:        00:00:00:97
Entry has been added with handle 68
RuntimeCmd: Adding entry to lpm match table MyIngress.src_entropy_term
match key:           LPM-00:00:01:10/29
action:              MyIngress.get_entropy_term
runtime data:        00:00:00:98
Entry has been added with handle 69
RuntimeCmd: Adding entry to lpm match table MyIngress.src_entropy_term
match key:           LPM-00:00:01:18/29
action:              MyIngress.get_entropy_term
runtime data:        00:00:00:99
Entry has been added with handle 70
RuntimeCmd: Adding entry to lpm match table MyIngress.src_entropy_term
match key:           LPM-00:00:01:20/28
action:              MyIngress.get_entropy_term
runtime data:        00:00:00:9a
Entry has been added with handle 71
RuntimeCmd: Adding entry to lpm match table MyIngress.src_entropy_term
match key:           LPM-00:00:01:30/28
action:              MyIngress.get_entropy_term
runtime data:        00:00:00:9b
Entry has been added with handle 72
RuntimeCmd: Adding entry to lpm match table MyIngress.src_entropy_term
match key:           LPM-00:00:01:40/28
action:              MyIngress.get_entropy_term
runtime data:        00:00:00:9c
Entry has been added with handle 73
RuntimeCmd: Adding entry to lpm match table MyIngress.src_entropy_term
match key:           LPM-00:00:01:50/28
action:              MyIngress.get_entropy_term
runtime data:        00:00:00:9d
Entry has been added with handle 74
RuntimeCmd: Adding entry to lpm match table MyIngress.src_entropy_term
match key:           LPM-00:00:01:60/28
action:              MyIngress.get_entropy_term
runtime data:        00:00:00:9e
Entry has been added with handle 75
RuntimeCmd: Adding entry to lpm match table MyIngress.src_entropy_term
match key:           LPM-00:00:01:70/28
action:              MyIngress.get_entropy_term
runtime data:        00:00:00:9f
Entry has been added with handle 76
RuntimeCmd: Adding entry to lpm match table MyIngress.src_entropy_term
match key:           LPM-00:00:01:80/28
action:              MyIngress.get_entropy_term
runtime data:        00:00:00:a0
Entry has been added with handle 77
RuntimeCmd: Adding entry to lpm match table MyIngress.src_entropy_term
match key:           LPM-00:00:01:90/28
action:              MyIngress.get_entropy_term
runtime data:        00:00:00:a1
Entry has been added with handle 78
RuntimeCmd: Adding entry to lpm match table MyIngress.src_entropy_term
match key:           LPM-00:00:01:a0/28
action:              MyIngress.get_entropy_term
runtime data:        00:00:00:a2
Entry has been added with handle 79
RuntimeCmd: Adding entry to lpm match table MyIngress.src_entropy_term
match key:           LPM-00:00:01:b0/28
action:              MyIngress.get_entropy_term
runtime data:        00:00:00:a3
Entry has been added with handle 80
RuntimeCmd: Adding entry to lpm match table MyIngress.src_entropy_term
match key:           LPM-00:00:01:c0/28
action:              MyIngress.get_entropy_term
runtime data:        00:00:00:a4
Entry has been added with handle 81
RuntimeCmd: Adding entry to lpm match table MyIngress.src_entropy_term
match key:           LPM-00:00:01:d0/28
action:              MyIngress.get_entropy_term
runtime data:        00:00:00:a5
Entry has been added with handle 82
RuntimeCmd: Adding entry to lpm match table MyIngress.src_entropy_term
match key:           LPM-00:00:01:e0/27
action:              MyIngress.get_entropy_term
runtime data:        00:00:00:a6
Entry has been added with handle 83
RuntimeCmd: Adding entry to lpm match table MyIngress.src_entropy_term
match key:           LPM-00:00:02:00/27
action:              MyIngress.get_entropy_term
runtime data:        00:00:00:a7
Entry has been added with handle 84
RuntimeCmd: Adding entry to lpm match table MyIngress.src_entropy_term
match key:           LPM-00:00:02:20/28
action:              MyIngress.get_entropy_term
runtime data:        00:00:00:a8
Entry has been added with handle 85
RuntimeCmd: Adding entry to lpm match table MyIngress.src_entropy_term
match key:           LPM-00:00:02:30/28
action:              MyIngress.get_entropy_term
runtime data:        00:00:00:a9
Entry has been added with handle 86
RuntimeCmd: Adding entry to lpm match table MyIngress.src_entropy_term
match key:           LPM-00:00:02:40/27
action:              MyIngress.get_entropy_term
runtime data:        00:00:00:aa
Entry has been added with handle 87
RuntimeCmd: Adding entry to lpm match table MyIngress.src_entropy_term
match key:           LPM-00:00:02:60/27
action:              MyIngress.get_entropy_term
runtime data:        00:00:00:ab
Entry has been added with handle 88
RuntimeCmd: Adding entry to lpm match table MyIngress.src_entropy_term
match key:           LPM-00:00:02:80/27
action:              MyIngress.get_entropy_term
runtime data:        00:00:00:ac
Entry has been added with handle 89
RuntimeCmd: Adding entry to lpm match table MyIngress.src_entropy_term
match key:           LPM-00:00:02:a0/27
action:              MyIngress.get_entropy_term
runtime data:        00:00:00:ad
Entry has been added with handle 90
RuntimeCmd: Adding entry to lpm match table MyIngress.src_entropy_term
match key:           LPM-00:00:02:c0/27
action:              MyIngress.get_entropy_term
runtime data:        00:00:00:ae
Entry has been added with handle 91
RuntimeCmd: Adding entry to lpm match table MyIngress.src_entropy_term
match key:           LPM-00:00:02:e0/27
action:              MyIngress.get_entropy_term
runtime data:        00:00:00:af
Entry has been added with handle 92
RuntimeCmd: Adding entry to lpm match table MyIngress.src_entropy_term
match key:           LPM-00:00:03:00/27
action:              MyIngress.get_entropy_term
runtime data:        00:00:00:b0
Entry has been added with handle 93
RuntimeCmd: Adding entry to lpm match table MyIngress.src_entropy_term
match key:           LPM-00:00:03:20/27
action:              MyIngress.get_entropy_term
runtime data:        00:00:00:b1
Entry has been added with handle 94
RuntimeCmd: Adding entry to lpm match table MyIngress.src_entropy_term
match key:           LPM-00:00:03:40/27
action:              MyIngress.get_entropy_term
runtime data:        00:00:00:b2
Entry has been added with handle 95
RuntimeCmd: Adding entry to lpm match table MyIngress.src_entropy_term
match key:           LPM-00:00:03:60/27
action:              MyIngress.get_entropy_term
runtime data:        00:00:00:b3
Entry has been added with handle 96
RuntimeCmd: Adding entry to lpm match table MyIngress.src_entropy_term
match key:           LPM-00:00:03:80/27
action:              MyIngress.get_entropy_term
runtime data:        00:00:00:b4
Entry has been added with handle 97
RuntimeCmd: Adding entry to lpm match table MyIngress.src_entropy_term
match key:           LPM-00:00:03:a0/27
action:              MyIngress.get_entropy_term
runtime data:        00:00:00:b5
Entry has been added with handle 98
RuntimeCmd: Adding entry to lpm match table MyIngress.src_entropy_term
match key:           LPM-00:00:03:c0/26
action:              MyIngress.get_entropy_term
runtime data:        00:00:00:b6
Entry has been added with handle 99
RuntimeCmd: Adding entry to lpm match table MyIngress.src_entropy_term
match key:           LPM-00:00:04:00/26
action:              MyIngress.get_entropy_term
runtime data:        00:00:00:b7
Entry has been added with handle 100
RuntimeCmd: Adding entry to lpm match table MyIngress.src_entropy_term
match key:           LPM-00:00:04:40/27
action:              MyIngress.get_entropy_term
runtime data:        00:00:00:b8
Entry has been added with handle 101
RuntimeCmd: Adding entry to lpm match table MyIngress.src_entropy_term
match key:           LPM-00:00:04:60/27
action:              MyIngress.get_entropy_term
runtime data:        00:00:00:b9
Entry has been added with handle 102
RuntimeCmd: Adding entry to lpm match table MyIngress.src_entropy_term
match key:           LPM-00:00:04:80/26
action:              MyIngress.get_entropy_term
runtime data:        00:00:00:ba
Entry has been added with handle 103
RuntimeCmd: Adding entry to lpm match table MyIngress.src_entropy_term
match key:           LPM-00:00:04:c0/26
action:              MyIngress.get_entropy_term
runtime data:        00:00:00:bb
Entry has been added with handle 104
RuntimeCmd: Adding entry to lpm match table MyIngress.src_entropy_term
match key:           LPM-00:00:05:00/26
action:              MyIngress.get_entropy_term
runtime data:        00:00:00:bc
Entry has been added with handle 105
RuntimeCmd: Adding entry to lpm match table MyIngress.src_entropy_term
match key:           LPM-00:00:05:40/26
action:              MyIngress.get_entropy_term
runtime data:        00:00:00:bd
Entry has been added with handle 106
RuntimeCmd: Adding entry to lpm match table MyIngress.src_entropy_term
match key:           LPM-00:00:05:80/26
action:              MyIngress.get_entropy_term
runtime data:        00:00:00:be
Entry has been added with handle 107
RuntimeCmd: Adding entry to lpm match table MyIngress.src_entropy_term
match key:           LPM-00:00:05:c0/26
action:              MyIngress.get_entropy_term
runtime data:        00:00:00:bf
Entry has been added with handle 108
RuntimeCmd: Adding entry to lpm match table MyIngress.src_entropy_term
match key:           LPM-00:00:06:00/26
action:              MyIngress.get_entropy_term
runtime data:        00:00:00:c0
Entry has been added with handle 109
RuntimeCmd: Adding entry to lpm match table MyIngress.src_entropy_term
match key:           LPM-00:00:06:40/26
action:              MyIngress.get_entropy_term
runtime data:        00:00:00:c1
Entry has been added with handle 110
RuntimeCmd: Adding entry to lpm match table MyIngress.src_entropy_term
match key:           LPM-00:00:06:80/26
action:              MyIngress.get_entropy_term
runtime data:        00:00:00:c2
Entry has been added with handle 111
RuntimeCmd: Adding entry to lpm match table MyIngress.src_entropy_term
match key:           LPM-00:00:06:c0/26
action:              MyIngress.get_entropy_term
runtime data:        00:00:00:c3
Entry has been added with handle 112
RuntimeCmd: Adding entry to lpm match table MyIngress.src_entropy_term
match key:           LPM-00:00:07:00/26
action:              MyIngress.get_entropy_term
runtime data:        00:00:00:c4
Entry has been added with handle 113
RuntimeCmd: Adding entry to lpm match table MyIngress.src_entropy_term
match key:           LPM-00:00:07:40/26
action:              MyIngress.get_entropy_term
runtime data:        00:00:00:c5
Entry has been added with handle 114
RuntimeCmd: Adding entry to lpm match table MyIngress.src_entropy_term
match key:           LPM-00:00:07:80/25
action:              MyIngress.get_entropy_term
runtime data:        00:00:00:c6
Entry has been added with handle 115
RuntimeCmd: Adding entry to lpm match table MyIngress.src_entropy_term
match key:           LPM-00:00:08:00/25
action:              MyIngress.get_entropy_term
runtime data:        00:00:00:c7
Entry has been added with handle 116
RuntimeCmd: Adding entry to lpm match table MyIngress.src_entropy_term
match key:           LPM-00:00:08:80/26
action:              MyIngress.get_entropy_term
runtime data:        00:00:00:c8
Entry has been added with handle 117
RuntimeCmd: Adding entry to lpm match table MyIngress.src_entropy_term
match key:           LPM-00:00:08:c0/26
action:              MyIngress.get_entropy_term
runtime data:        00:00:00:c9
Entry has been added with handle 118
RuntimeCmd: Adding entry to lpm match table MyIngress.src_entropy_term
match key:           LPM-00:00:09:00/25
action:              MyIngress.get_entropy_term
runtime data:        00:00:00:ca
Entry has been added with handle 119
RuntimeCmd: Adding entry to lpm match table MyIngress.src_entropy_term
match key:           LPM-00:00:09:80/25
action:              MyIngress.get_entropy_term
runtime data:        00:00:00:cb
Entry has been added with handle 120
RuntimeCmd: Adding entry to lpm match table MyIngress.src_entropy_term
match key:           LPM-00:00:0a:00/25
action:              MyIngress.get_entropy_term
runtime data:        00:00:00:cc
Entry has been added with handle 121
RuntimeCmd: Adding entry to lpm match table MyIngress.src_entropy_term
match key:           LPM-00:00:0a:80/25
action:              MyIngress.get_entropy_term
runtime data:        00:00:00:cd
Entry has been added with handle 122
RuntimeCmd: Adding entry to lpm match table MyIngress.src_entropy_term
match key:           LPM-00:00:0b:00/25
action:              MyIngress.get_entropy_term
runtime data:        00:00:00:ce
Entry has been added with handle 123
RuntimeCmd: Adding entry to lpm match table MyIngress.src_entropy_term
match key:           LPM-00:00:0b:80/25
action:              MyIngress.get_entropy_term
runtime data:        00:00:00:cf
Entry has been added with handle 124
RuntimeCmd: Adding entry to lpm match table MyIngress.src_entropy_term
match key:           LPM-00:00:0c:00/25
action:              MyIngress.get_entropy_term
runtime data:        00:00:00:d0
Entry has been added with handle 125
RuntimeCmd: Adding entry to lpm match table MyIngress.src_entropy_term
match key:           LPM-00:00:0c:80/25
action:              MyIngress.get_entropy_term
runtime data:        00:00:00:d1
Entry has been added with handle 126
RuntimeCmd: Adding entry to lpm match table MyIngress.src_entropy_term
match key:           LPM-00:00:0d:00/25
action:              MyIngress.get_entropy_term
runtime data:        00:00:00:d2
Entry has been added with handle 127
RuntimeCmd: Adding entry to lpm match table MyIngress.src_entropy_term
match key:           LPM-00:00:0d:80/25
action:              MyIngress.get_entropy_term
runtime data:        00:00:00:d3
Entry has been added with handle 128
RuntimeCmd: Adding entry to lpm match table MyIngress.src_entropy_term
match key:           LPM-00:00:0e:00/25
action:              MyIngress.get_entropy_term
runtime data:        00:00:00:d4
Entry has been added with handle 129
RuntimeCmd: Adding entry to lpm match table MyIngress.src_entropy_term
match key:           LPM-00:00:0e:80/25
action:              MyIngress.get_entropy_term
runtime data:        00:00:00:d5
Entry has been added with handle 130
RuntimeCmd: Adding entry to lpm match table MyIngress.src_entropy_term
match key:           LPM-00:00:0f:00/24
action:              MyIngress.get_entropy_term
runtime data:        00:00:00:d6
Entry has been added with handle 131
RuntimeCmd: Adding entry to lpm match table MyIngress.src_entropy_term
match key:           LPM-00:00:10:00/24
action:              MyIngress.get_entropy_term
runtime data:        00:00:00:d7
Entry has been added with handle 132
RuntimeCmd: Adding entry to lpm match table MyIngress.src_entropy_term
match key:           LPM-00:00:11:00/25
action:              MyIngress.get_entropy_term
runtime data:        00:00:00:d8
Entry has been added with handle 133
RuntimeCmd: Adding entry to lpm match table MyIngress.src_entropy_term
match key:           LPM-00:00:11:80/25
action:              MyIngress.get_entropy_term
runtime data:        00:00:00:d9
Entry has been added with handle 134
RuntimeCmd: Adding entry to lpm match table MyIngress.src_entropy_term
match key:           LPM-00:00:12:00/24
action:              MyIngress.get_entropy_term
runtime data:        00:00:00:da
Entry has been added with handle 135
RuntimeCmd: Adding entry to lpm match table MyIngress.src_entropy_term
match key:           LPM-00:00:13:00/24
action:              MyIngress.get_entropy_term
runtime data:        00:00:00:db
Entry has been added with handle 136
RuntimeCmd: Adding entry to lpm match table MyIngress.src_entropy_term
match key:           LPM-00:00:14:00/24
action:              MyIngress.get_entropy_term
runtime data:        00:00:00:dc
Entry has been added with handle 137
RuntimeCmd: Adding entry to lpm match table MyIngress.src_entropy_term
match key:           LPM-00:00:15:00/24
action:              MyIngress.get_entropy_term
runtime data:        00:00:00:dd
Entry has been added with handle 138
RuntimeCmd: Adding entry to lpm match table MyIngress.src_entropy_term
match key:           LPM-00:00:16:00/24
action:              MyIngress.get_entropy_term
runtime data:        00:00:00:de
Entry has been added with handle 139
RuntimeCmd: Adding entry to lpm match table MyIngress.src_entropy_term
match key:           LPM-00:00:17:00/24
action:              MyIngress.get_entropy_term
runtime data:        00:00:00:df
Entry has been added with handle 140
RuntimeCmd: Adding entry to lpm match table MyIngress.src_entropy_term
match key:           LPM-00:00:18:00/24
action:              MyIngress.get_entropy_term
runtime data:        00:00:00:e0
Entry has been added with handle 141
RuntimeCmd: Adding entry to lpm match table MyIngress.src_entropy_term
match key:           LPM-00:00:19:00/24
action:              MyIngress.get_entropy_term
runtime data:        00:00:00:e1
Entry has been added with handle 142
RuntimeCmd: Adding entry to lpm match table MyIngress.src_entropy_term
match key:           LPM-00:00:1a:00/24
action:              MyIngress.get_entropy_term
runtime data:        00:00:00:e2
Entry has been added with handle 143
RuntimeCmd: Adding entry to lpm match table MyIngress.src_entropy_term
match key:           LPM-00:00:1b:00/24
action:              MyIngress.get_entropy_term
runtime data:        00:00:00:e3
Entry has been added with handle 144
RuntimeCmd: Adding entry to lpm match table MyIngress.src_entropy_term
match key:           LPM-00:00:1c:00/24
action:              MyIngress.get_entropy_term
runtime data:        00:00:00:e4
Entry has been added with handle 145
RuntimeCmd: Adding entry to lpm match table MyIngress.src_entropy_term
match key:           LPM-00:00:1d:00/24
action:              MyIngress.get_entropy_term
runtime data:        00:00:00:e5
Entry has been added with handle 146
RuntimeCmd: Adding entry to lpm match table MyIngress.src_entropy_term
match key:           LPM-00:00:1e:00/23
action:              MyIngress.get_entropy_term
runtime data:        00:00:00:e6
Entry has been added with handle 147
RuntimeCmd: Adding entry to lpm match table MyIngress.src_entropy_term
match key:           LPM-00:00:20:00/23
action:              MyIngress.get_entropy_term
runtime data:        00:00:00:e7
Entry has been added with handle 148
RuntimeCmd: Adding entry to lpm match table MyIngress.src_entropy_term
match key:           LPM-00:00:22:00/24
action:              MyIngress.get_entropy_term
runtime data:        00:00:00:e8
Entry has been added with handle 149
RuntimeCmd: Adding entry to lpm match table MyIngress.src_entropy_term
match key:           LPM-00:00:23:00/24
action:              MyIngress.get_entropy_term
runtime data:        00:00:00:e9
Entry has been added with handle 150
RuntimeCmd: Adding entry to lpm match table MyIngress.src_entropy_term
match key:           LPM-00:00:24:00/23
action:              MyIngress.get_entropy_term
runtime data:        00:00:00:ea
Entry has been added with handle 151
RuntimeCmd: Adding entry to lpm match table MyIngress.src_entropy_term
match key:           LPM-00:00:26:00/23
action:              MyIngress.get_entropy_term
runtime data:        00:00:00:eb
Entry has been added with handle 152
RuntimeCmd: Adding entry to lpm match table MyIngress.src_entropy_term
match key:           LPM-00:00:28:00/23
action:              MyIngress.get_entropy_term
runtime data:        00:00:00:ec
Entry has been added with handle 153
RuntimeCmd: Adding entry to lpm match table MyIngress.src_entropy_term
match key:           LPM-00:00:2a:00/23
action:              MyIngress.get_entropy_term
runtime data:        00:00:00:ed
Entry has been added with handle 154
RuntimeCmd: Adding entry to lpm match table MyIngress.src_entropy_term
match key:           LPM-00:00:2c:00/23
action:              MyIngress.get_entropy_term
runtime data:        00:00:00:ee
Entry has been added with handle 155
RuntimeCmd: Adding entry to lpm match table MyIngress.src_entropy_term
match key:           LPM-00:00:2e:00/23
action:              MyIngress.get_entropy_term
runtime data:        00:00:00:ef
Entry has been added with handle 156
RuntimeCmd: Adding entry to lpm match table MyIngress.src_entropy_term
match key:           LPM-00:00:30:00/23
action:              MyIngress.get_entropy_term
runtime data:        00:00:00:f0
Entry has been added with handle 157
RuntimeCmd: Adding entry to lpm match table MyIngress.src_entropy_term
match key:           LPM-00:00:32:00/23
action:              MyIngress.get_entropy_term
runtime data:        00:00:00:f1
Entry has been added with handle 158
RuntimeCmd: Adding entry to lpm match table MyIngress.src_entropy_term
match key:           LPM-00:00:34:00/23
action:              MyIngress.get_entropy_term
runtime data:        00:00:00:f2
Entry has been added with handle 159
RuntimeCmd: Adding entry to lpm match table MyIngress.src_entropy_term
match key:           LPM-00:00:36:00/23
action:              MyIngress.get_entropy_term
runtime data:        00:00:00:f3
Entry has been added with handle 160
RuntimeCmd: Adding entry to lpm match table MyIngress.src_entropy_term
match key:           LPM-00:00:38:00/23
action:              MyIngress.get_entropy_term
runtime data:        00:00:00:f4
Entry has been added with handle 161
RuntimeCmd: Adding entry to lpm match table MyIngress.src_entropy_term
match key:           LPM-00:00:3a:00/23
action:              MyIngress.get_entropy_term
runtime data:        00:00:00:f5
Entry has been added with handle 162
RuntimeCmd: Adding entry to lpm match table MyIngress.src_entropy_term
match key:           LPM-00:00:3c:00/22
action:              MyIngress.get_entropy_term
runtime data:        00:00:00:f6
Entry has been added with handle 163
RuntimeCmd: Adding entry to lpm match table MyIngress.src_entropy_term
match key:           LPM-00:00:40:00/22
action:              MyIngress.get_entropy_term
runtime data:        00:00:00:f7
Entry has been added with handle 164
RuntimeCmd: Adding entry to lpm match table MyIngress.src_entropy_term
match key:           LPM-00:00:44:00/23
action:              MyIngress.get_entropy_term
runtime data:        00:00:00:f8
Entry has been added with handle 165
RuntimeCmd: Adding entry to lpm match table MyIngress.src_entropy_term
match key:           LPM-00:00:46:00/23
action:              MyIngress.get_entropy_term
runtime data:        00:00:00:f9
Entry has been added with handle 166
RuntimeCmd: Adding entry to lpm match table MyIngress.src_entropy_term
match key:           LPM-00:00:48:00/22
action:              MyIngress.get_entropy_term
runtime data:        00:00:00:fa
Entry has been added with handle 167
RuntimeCmd: Adding entry to lpm match table MyIngress.src_entropy_term
match key:           LPM-00:00:4c:00/22
action:              MyIngress.get_entropy_term
runtime data:        00:00:00:fb
Entry has been added with handle 168
RuntimeCmd: Adding entry to lpm match table MyIngress.src_entropy_term
match key:           LPM-00:00:50:00/22
action:              MyIngress.get_entropy_term
runtime data:        00:00:00:fc
Entry has been added with handle 169
RuntimeCmd: Adding entry to lpm match table MyIngress.src_entropy_term
match key:           LPM-00:00:54:00/22
action:              MyIngress.get_entropy_term
runtime data:        00:00:00:fd
Entry has been added with handle 170
RuntimeCmd: Adding entry to lpm match table MyIngress.src_entropy_term
match key:           LPM-00:00:58:00/22
action:              MyIngress.get_entropy_term
runtime data:        00:00:00:fe
Entry has been added with handle 171
RuntimeCmd: Adding entry to lpm match table MyIngress.src_entropy_term
match key:           LPM-00:00:5c:00/22
action:              MyIngress.get_entropy_term
runtime data:        00:00:00:ff
Entry has been added with handle 172
RuntimeCmd: Adding entry to lpm match table MyIngress.src_entropy_term
match key:           LPM-00:00:60:00/22
action:              MyIngress.get_entropy_term
runtime data:        00:00:01:00
Entry has been added with handle 173
RuntimeCmd: Adding entry to lpm match table MyIngress.src_entropy_term
match key:           LPM-00:00:64:00/22
action:              MyIngress.get_entropy_term
runtime data:        00:00:01:01
Entry has been added with handle 174
RuntimeCmd: Adding entry to lpm match table MyIngress.src_entropy_term
match key:           LPM-00:00:68:00/22
action:              MyIngress.get_entropy_term
runtime data:        00:00:01:02
Entry has been added with handle 175
RuntimeCmd: Adding entry to lpm match table MyIngress.src_entropy_term
match key:           LPM-00:00:6c:00/22
action:              MyIngress.get_entropy_term
runtime data:        00:00:01:03
Entry has been added with handle 176
RuntimeCmd: Adding entry to lpm match table MyIngress.src_entropy_term
match key:           LPM-00:00:70:00/22
action:              MyIngress.get_entropy_term
runtime data:        00:00:01:04
Entry has been added with handle 177
RuntimeCmd: Adding entry to lpm match table MyIngress.src_entropy_term
match key:           LPM-00:00:74:00/22
action:              MyIngress.get_entropy_term
runtime data:        00:00:01:05
Entry has been added with handle 178
RuntimeCmd: Adding entry to lpm match table MyIngress.src_entropy_term
match key:           LPM-00:00:78:00/21
action:              MyIngress.get_entropy_term
runtime data:        00:00:01:06
Entry has been added with handle 179
RuntimeCmd: Adding entry to lpm match table MyIngress.src_entropy_term
match key:           LPM-00:00:80:00/21
action:              MyIngress.get_entropy_term
runtime data:        00:00:01:07
Entry has been added with handle 180
RuntimeCmd: Adding entry to lpm match table MyIngress.src_entropy_term
match key:           LPM-00:00:88:00/22
action:              MyIngress.get_entropy_term
runtime data:        00:00:01:08
Entry has been added with handle 181
RuntimeCmd: Adding entry to lpm match table MyIngress.src_entropy_term
match key:           LPM-00:00:8c:00/22
action:              MyIngress.get_entropy_term
runtime data:        00:00:01:09
Entry has been added with handle 182
RuntimeCmd: Adding entry to lpm match table MyIngress.src_entropy_term
match key:           LPM-00:00:90:00/21
action:              MyIngress.get_entropy_term
runtime data:        00:00:01:0a
Entry has been added with handle 183
RuntimeCmd: Adding entry to lpm match table MyIngress.src_entropy_term
match key:           LPM-00:00:98:00/21
action:              MyIngress.get_entropy_term
runtime data:        00:00:01:0b
Entry has been added with handle 184
RuntimeCmd: Adding entry to lpm match table MyIngress.src_entropy_term
match key:           LPM-00:00:a0:00/21
action:              MyIngress.get_entropy_term
runtime data:        00:00:01:0c
Entry has been added with handle 185
RuntimeCmd: Adding entry to lpm match table MyIngress.src_entropy_term
match key:           LPM-00:00:a8:00/21
action:              MyIngress.get_entropy_term
runtime data:        00:00:01:0d
Entry has been added with handle 186
RuntimeCmd: Adding entry to lpm match table MyIngress.src_entropy_term
match key:           LPM-00:00:b0:00/21
action:              MyIngress.get_entropy_term
runtime data:        00:00:01:0e
Entry has been added with handle 187
RuntimeCmd: Adding entry to lpm match table MyIngress.src_entropy_term
match key:           LPM-00:00:b8:00/21
action:              MyIngress.get_entropy_term
runtime data:        00:00:01:0f
Entry has been added with handle 188
RuntimeCmd: Adding entry to lpm match table MyIngress.src_entropy_term
match key:           LPM-00:00:c0:00/21
action:              MyIngress.get_entropy_term
runtime data:        00:00:01:10
Entry has been added with handle 189
RuntimeCmd: Adding entry to lpm match table MyIngress.src_entropy_term
match key:           LPM-00:00:c8:00/21
action:              MyIngress.get_entropy_term
runtime data:        00:00:01:11
Entry has been added with handle 190
RuntimeCmd: Adding entry to lpm match table MyIngress.src_entropy_term
match key:           LPM-00:00:d0:00/21
action:              MyIngress.get_entropy_term
runtime data:        00:00:01:12
Entry has been added with handle 191
RuntimeCmd: Adding entry to lpm match table MyIngress.src_entropy_term
match key:           LPM-00:00:d8:00/21
action:              MyIngress.get_entropy_term
runtime data:        00:00:01:13
Entry has been added with handle 192
RuntimeCmd: Adding entry to lpm match table MyIngress.src_entropy_term
match key:           LPM-00:00:e0:00/21
action:              MyIngress.get_entropy_term
runtime data:        00:00:01:14
Entry has been added with handle 193
RuntimeCmd: Adding entry to lpm match table MyIngress.src_entropy_term
match key:           LPM-00:00:e8:00/21
action:              MyIngress.get_entropy_term
runtime data:        00:00:01:15
Entry has been added with handle 194
RuntimeCmd: Adding entry to lpm match table MyIngress.src_entropy_term
match key:           LPM-00:00:f0:00/20
action:              MyIngress.get_entropy_term
runtime data:        00:00:01:16
Entry has been added with handle 195
RuntimeCmd: Adding entry to lpm match table MyIngress.src_entropy_term
match key:           LPM-00:01:00:00/20
action:              MyIngress.get_entropy_term
runtime data:        00:00:01:17
Entry has been added with handle 196
RuntimeCmd: Adding entry to lpm match table MyIngress.src_entropy_term
match key:           LPM-00:01:10:00/21
action:              MyIngress.get_entropy_term
runtime data:        00:00:01:18
Entry has been added with handle 197
RuntimeCmd: Adding entry to lpm match table MyIngress.src_entropy_term
match key:           LPM-00:01:18:00/21
action:              MyIngress.get_entropy_term
runtime data:        00:00:01:19
Entry has been added with handle 198
RuntimeCmd: Adding entry to lpm match table MyIngress.src_entropy_term
match key:           LPM-00:01:20:00/20
action:              MyIngress.get_entropy_term
runtime data:        00:00:01:1a
Entry has been added with handle 199
RuntimeCmd: Adding entry to lpm match table MyIngress.src_entropy_term
match key:           LPM-00:01:30:00/20
action:              MyIngress.get_entropy_term
runtime data:        00:00:01:1b
Entry has been added with handle 200
RuntimeCmd: Adding entry to lpm match table MyIngress.src_entropy_term
match key:           LPM-00:01:40:00/20
action:              MyIngress.get_entropy_term
runtime data:        00:00:01:1c
Entry has been added with handle 201
RuntimeCmd: Adding entry to lpm match table MyIngress.src_entropy_term
match key:           LPM-00:01:50:00/20
action:              MyIngress.get_entropy_term
runtime data:        00:00:01:1d
Entry has been added with handle 202
RuntimeCmd: Adding entry to lpm match table MyIngress.src_entropy_term
match key:           LPM-00:01:60:00/20
action:              MyIngress.get_entropy_term
runtime data:        00:00:01:1e
Entry has been added with handle 203
RuntimeCmd: Adding entry to lpm match table MyIngress.src_entropy_term
match key:           LPM-00:01:70:00/20
action:              MyIngress.get_entropy_term
runtime data:        00:00:01:1f
Entry has been added with handle 204
RuntimeCmd: Adding entry to lpm match table MyIngress.src_entropy_term
match key:           LPM-00:01:80:00/20
action:              MyIngress.get_entropy_term
runtime data:        00:00:01:20
Entry has been added with handle 205
RuntimeCmd: Adding entry to lpm match table MyIngress.src_entropy_term
match key:           LPM-00:01:90:00/20
action:              MyIngress.get_entropy_term
runtime data:        00:00:01:21
Entry has been added with handle 206
RuntimeCmd: Adding entry to lpm match table MyIngress.src_entropy_term
match key:           LPM-00:01:a0:00/20
action:              MyIngress.get_entropy_term
runtime data:        00:00:01:22
Entry has been added with handle 207
RuntimeCmd: Adding entry to lpm match table MyIngress.src_entropy_term
match key:           LPM-00:01:b0:00/20
action:              MyIngress.get_entropy_term
runtime data:        00:00:01:23
Entry has been added with handle 208
RuntimeCmd: Adding entry to lpm match table MyIngress.src_entropy_term
match key:           LPM-00:01:c0:00/20
action:              MyIngress.get_entropy_term
runtime data:        00:00:01:24
Entry has been added with handle 209
RuntimeCmd: Adding entry to lpm match table MyIngress.src_entropy_term
match key:           LPM-00:01:d0:00/20
action:              MyIngress.get_entropy_term
runtime data:        00:00:01:25
Entry has been added with handle 210
RuntimeCmd: Adding entry to lpm match table MyIngress.src_entropy_term
match key:           LPM-00:01:e0:00/19
action:              MyIngress.get_entropy_term
runtime data:        00:00:01:26
Entry has been added with handle 211
RuntimeCmd: Adding entry to lpm match table MyIngress.src_entropy_term
match key:           LPM-00:02:00:00/19
action:              MyIngress.get_entropy_term
runtime data:        00:00:01:27
Entry has been added with handle 212
RuntimeCmd: Adding entry to lpm match table MyIngress.src_entropy_term
match key:           LPM-00:02:20:00/20
action:              MyIngress.get_entropy_term
runtime data:        00:00:01:28
Entry has been added with handle 213
RuntimeCmd: Adding entry to lpm match table MyIngress.src_entropy_term
match key:           LPM-00:02:30:00/20
action:              MyIngress.get_entropy_term
runtime data:        00:00:01:29
Entry has been added with handle 214
RuntimeCmd: Adding entry to lpm match table MyIngress.src_entropy_term
match key:           LPM-00:02:40:00/19
action:              MyIngress.get_entropy_term
runtime data:        00:00:01:2a
Entry has been added with handle 215
RuntimeCmd: Adding entry to lpm match table MyIngress.src_entropy_term
match key:           LPM-00:02:60:00/19
action:              MyIngress.get_entropy_term
runtime data:        00:00:01:2b
Entry has been added with handle 216
RuntimeCmd: Adding entry to lpm match table MyIngress.src_entropy_term
match key:           LPM-00:02:80:00/19
action:              MyIngress.get_entropy_term
runtime data:        00:00:01:2c
Entry has been added with handle 217
RuntimeCmd: Adding entry to lpm match table MyIngress.src_entropy_term
match key:           LPM-00:02:a0:00/19
action:              MyIngress.get_entropy_term
runtime data:        00:00:01:2d
Entry has been added with handle 218
RuntimeCmd: Adding entry to lpm match table MyIngress.src_entropy_term
match key:           LPM-00:02:c0:00/19
action:              MyIngress.get_entropy_term
runtime data:        00:00:01:2e
Entry has been added with handle 219
RuntimeCmd: Adding entry to lpm match table MyIngress.src_entropy_term
match key:           LPM-00:02:e0:00/19
action:              MyIngress.get_entropy_term
runtime data:        00:00:01:2f
Entry has been added with handle 220
RuntimeCmd: Adding entry to lpm match table MyIngress.src_entropy_term
match key:           LPM-00:03:00:00/19
action:              MyIngress.get_entropy_term
runtime data:        00:00:01:30
Entry has been added with handle 221
RuntimeCmd: Adding entry to lpm match table MyIngress.src_entropy_term
match key:           LPM-00:03:20:00/19
action:              MyIngress.get_entropy_term
runtime data:        00:00:01:31
Entry has been added with handle 222
RuntimeCmd: Adding entry to lpm match table MyIngress.src_entropy_term
match key:           LPM-00:03:40:00/19
action:              MyIngress.get_entropy_term
runtime data:        00:00:01:32
Entry has been added with handle 223
RuntimeCmd: Adding entry to lpm match table MyIngress.src_entropy_term
match key:           LPM-00:03:60:00/19
action:              MyIngress.get_entropy_term
runtime data:        00:00:01:33
Entry has been added with handle 224
RuntimeCmd: Adding entry to lpm match table MyIngress.src_entropy_term
match key:           LPM-00:03:80:00/19
action:              MyIngress.get_entropy_term
runtime data:        00:00:01:34
Entry has been added with handle 225
RuntimeCmd: Adding entry to lpm match table MyIngress.src_entropy_term
match key:           LPM-00:03:a0:00/19
action:              MyIngress.get_entropy_term
runtime data:        00:00:01:35
Entry has been added with handle 226
RuntimeCmd: Adding entry to lpm match table MyIngress.src_entropy_term
match key:           LPM-00:03:c0:00/18
action:              MyIngress.get_entropy_term
runtime data:        00:00:01:36
Entry has been added with handle 227
RuntimeCmd: Adding entry to lpm match table MyIngress.src_entropy_term
match key:           LPM-00:04:00:00/18
action:              MyIngress.get_entropy_term
runtime data:        00:00:01:37
Entry has been added with handle 228
RuntimeCmd: Adding entry to lpm match table MyIngress.src_entropy_term
match key:           LPM-00:04:00:00/18
action:              MyIngress.get_entropy_term
runtime data:        00:00:01:37
Invalid table operation (DUPLICATE_ENTRY)
RuntimeCmd: Error: Invalid table name (MyIngress.dst_entropy_term)
RuntimeCmd: Error: Invalid table name (MyIngress.dst_entropy_term)
RuntimeCmd: Error: Invalid table name (MyIngress.dst_entropy_term)
RuntimeCmd: Error: Invalid table name (MyIngress.dst_entropy_term)
RuntimeCmd: Error: Invalid table name (MyIngress.dst_entropy_term)
RuntimeCmd: Error: Invalid table name (MyIngress.dst_entropy_term)
RuntimeCmd: Error: Invalid table name (MyIngress.dst_entropy_term)
RuntimeCmd: Error: Invalid table name (MyIngress.dst_entropy_term)
RuntimeCmd: Error: Invalid table name (MyIngress.dst_entropy_term)
RuntimeCmd: Error: Invalid table name (MyIngress.dst_entropy_term)
RuntimeCmd: Error: Invalid table name (MyIngress.dst_entropy_term)
RuntimeCmd: Error: Invalid table name (MyIngress.dst_entropy_term)
RuntimeCmd: Error: Invalid table name (MyIngress.dst_entropy_term)
RuntimeCmd: Error: Invalid table name (MyIngress.dst_entropy_term)
RuntimeCmd: Error: Invalid table name (MyIngress.dst_entropy_term)
RuntimeCmd: Error: Invalid table name (MyIngress.dst_entropy_term)
RuntimeCmd: Error: Invalid table name (MyIngress.dst_entropy_term)
RuntimeCmd: Error: Invalid table name (MyIngress.dst_entropy_term)
RuntimeCmd: Error: Invalid table name (MyIngress.dst_entropy_term)
RuntimeCmd: Error: Invalid table name (MyIngress.dst_entropy_term)
RuntimeCmd: Error: Invalid table name (MyIngress.dst_entropy_term)
RuntimeCmd: Error: Invalid table name (MyIngress.dst_entropy_term)
RuntimeCmd: Error: Invalid table name (MyIngress.dst_entropy_term)
RuntimeCmd: Error: Invalid table name (MyIngress.dst_entropy_term)
RuntimeCmd: Error: Invalid table name (MyIngress.dst_entropy_term)
RuntimeCmd: Error: Invalid table name (MyIngress.dst_entropy_term)
RuntimeCmd: Error: Invalid table name (MyIngress.dst_entropy_term)
RuntimeCmd: Error: Invalid table name (MyIngress.dst_entropy_term)
RuntimeCmd: Error: Invalid table name (MyIngress.dst_entropy_term)
RuntimeCmd: Error: Invalid table name (MyIngress.dst_entropy_term)
RuntimeCmd: Error: Invalid table name (MyIngress.dst_entropy_term)
RuntimeCmd: Error: Invalid table name (MyIngress.dst_entropy_term)
RuntimeCmd: Error: Invalid table name (MyIngress.dst_entropy_term)
RuntimeCmd: Error: Invalid table name (MyIngress.dst_entropy_term)
RuntimeCmd: Error: Invalid table name (MyIngress.dst_entropy_term)
RuntimeCmd: Error: Invalid table name (MyIngress.dst_entropy_term)
RuntimeCmd: Error: Invalid table name (MyIngress.dst_entropy_term)
RuntimeCmd: Error: Invalid table name (MyIngress.dst_entropy_term)
RuntimeCmd: Error: Invalid table name (MyIngress.dst_entropy_term)
RuntimeCmd: Error: Invalid table name (MyIngress.dst_entropy_term)
RuntimeCmd: Error: Invalid table name (MyIngress.dst_entropy_term)
RuntimeCmd: Error: Invalid table name (MyIngress.dst_entropy_term)
RuntimeCmd: Error: Invalid table name (MyIngress.dst_entropy_term)
RuntimeCmd: Error: Invalid table name (MyIngress.dst_entropy_term)
RuntimeCmd: Error: Invalid table name (MyIngress.dst_entropy_term)
RuntimeCmd: Error: Invalid table name (MyIngress.dst_entropy_term)
RuntimeCmd: Error: Invalid table name (MyIngress.dst_entropy_term)
RuntimeCmd: Error: Invalid table name (MyIngress.dst_entropy_term)
RuntimeCmd: Error: Invalid table name (MyIngress.dst_entropy_term)
RuntimeCmd: Error: Invalid table name (MyIngress.dst_entropy_term)
RuntimeCmd: Error: Invalid table name (MyIngress.dst_entropy_term)
RuntimeCmd: Error: Invalid table name (MyIngress.dst_entropy_term)
RuntimeCmd: Error: Invalid table name (MyIngress.dst_entropy_term)
RuntimeCmd: Error: Invalid table name (MyIngress.dst_entropy_term)
RuntimeCmd: Error: Invalid table name (MyIngress.dst_entropy_term)
RuntimeCmd: Error: Invalid table name (MyIngress.dst_entropy_term)
RuntimeCmd: Error: Invalid table name (MyIngress.dst_entropy_term)
RuntimeCmd: Error: Invalid table name (MyIngress.dst_entropy_term)
RuntimeCmd: Error: Invalid table name (MyIngress.dst_entropy_term)
RuntimeCmd: Error: Invalid table name (MyIngress.dst_entropy_term)
RuntimeCmd: Error: Invalid table name (MyIngress.dst_entropy_term)
RuntimeCmd: Error: Invalid table name (MyIngress.dst_entropy_term)
RuntimeCmd: Error: Invalid table name (MyIngress.dst_entropy_term)
RuntimeCmd: Error: Invalid table name (MyIngress.dst_entropy_term)
RuntimeCmd: Error: Invalid table name (MyIngress.dst_entropy_term)
RuntimeCmd: Error: Invalid table name (MyIngress.dst_entropy_term)
RuntimeCmd: Error: Invalid table name (MyIngress.dst_entropy_term)
RuntimeCmd: Error: Invalid table name (MyIngress.dst_entropy_term)
RuntimeCmd: Error: Invalid table name (MyIngress.dst_entropy_term)
RuntimeCmd: Error: Invalid table name (MyIngress.dst_entropy_term)
RuntimeCmd: Error: Invalid table name (MyIngress.dst_entropy_term)
RuntimeCmd: Error: Invalid table name (MyIngress.dst_entropy_term)
RuntimeCmd: Error: Invalid table name (MyIngress.dst_entropy_term)
RuntimeCmd: Error: Invalid table name (MyIngress.dst_entropy_term)
RuntimeCmd: Error: Invalid table name (MyIngress.dst_entropy_term)
RuntimeCmd: Error: Invalid table name (MyIngress.dst_entropy_term)
RuntimeCmd: Error: Invalid table name (MyIngress.dst_entropy_term)
RuntimeCmd: Error: Invalid table name (MyIngress.dst_entropy_term)
RuntimeCmd: Error: Invalid table name (MyIngress.dst_entropy_term)
RuntimeCmd: Error: Invalid table name (MyIngress.dst_entropy_term)
RuntimeCmd: Error: Invalid table name (MyIngress.dst_entropy_term)
RuntimeCmd: Error: Invalid table name (MyIngress.dst_entropy_term)
RuntimeCmd: Error: Invalid table name (MyIngress.dst_entropy_term)
RuntimeCmd: Error: Invalid table name (MyIngress.dst_entropy_term)
RuntimeCmd: Error: Invalid table name (MyIngress.dst_entropy_term)
RuntimeCmd: Error: Invalid table name (MyIngress.dst_entropy_term)
RuntimeCmd: Error: Invalid table name (MyIngress.dst_entropy_term)
RuntimeCmd: Error: Invalid table name (MyIngress.dst_entropy_term)
RuntimeCmd: Error: Invalid table name (MyIngress.dst_entropy_term)
RuntimeCmd: Error: Invalid table name (MyIngress.dst_entropy_term)
RuntimeCmd: Error: Invalid table name (MyIngress.dst_entropy_term)
RuntimeCmd: Error: Invalid table name (MyIngress.dst_entropy_term)
RuntimeCmd: Error: Invalid table name (MyIngress.dst_entropy_term)
RuntimeCmd: Error: Invalid table name (MyIngress.dst_entropy_term)
RuntimeCmd: Error: Invalid table name (MyIngress.dst_entropy_term)
RuntimeCmd: Error: Invalid table name (MyIngress.dst_entropy_term)
RuntimeCmd: Error: Invalid table name (MyIngress.dst_entropy_term)
RuntimeCmd: Error: Invalid table name (MyIngress.dst_entropy_term)
RuntimeCmd: Error: Invalid table name (MyIngress.dst_entropy_term)
RuntimeCmd: Error: Invalid table name (MyIngress.dst_entropy_term)
RuntimeCmd: Error: Invalid table name (MyIngress.dst_entropy_term)
RuntimeCmd: Error: Invalid table name (MyIngress.dst_entropy_term)
RuntimeCmd: Error: Invalid table name (MyIngress.dst_entropy_term)
RuntimeCmd: Error: Invalid table name (MyIngress.dst_entropy_term)
RuntimeCmd: Error: Invalid table name (MyIngress.dst_entropy_term)
RuntimeCmd: Error: Invalid table name (MyIngress.dst_entropy_term)
RuntimeCmd: Error: Invalid table name (MyIngress.dst_entropy_term)
RuntimeCmd: Error: Invalid table name (MyIngress.dst_entropy_term)
RuntimeCmd: Error: Invalid table name (MyIngress.dst_entropy_term)
RuntimeCmd: Error: Invalid table name (MyIngress.dst_entropy_term)
RuntimeCmd: Error: Invalid table name (MyIngress.dst_entropy_term)
RuntimeCmd: Error: Invalid table name (MyIngress.dst_entropy_term)
RuntimeCmd: Error: Invalid table name (MyIngress.dst_entropy_term)
RuntimeCmd: Error: Invalid table name (MyIngress.dst_entropy_term)
RuntimeCmd: Error: Invalid table name (MyIngress.dst_entropy_term)
RuntimeCmd: Error: Invalid table name (MyIngress.dst_entropy_term)
RuntimeCmd: Error: Invalid table name (MyIngress.dst_entropy_term)
RuntimeCmd: Error: Invalid table name (MyIngress.dst_entropy_term)
RuntimeCmd: Error: Invalid table name (MyIngress.dst_entropy_term)
RuntimeCmd: Error: Invalid table name (MyIngress.dst_entropy_term)
RuntimeCmd: Error: Invalid table name (MyIngress.dst_entropy_term)
RuntimeCmd: Error: Invalid table name (MyIngress.dst_entropy_term)
RuntimeCmd: Error: Invalid table name (MyIngress.dst_entropy_term)
RuntimeCmd: Error: Invalid table name (MyIngress.dst_entropy_term)
RuntimeCmd: Error: Invalid table name (MyIngress.dst_entropy_term)
RuntimeCmd: Error: Invalid table name (MyIngress.dst_entropy_term)
RuntimeCmd: Error: Invalid table name (MyIngress.dst_entropy_term)
RuntimeCmd: Error: Invalid table name (MyIngress.dst_entropy_term)
RuntimeCmd: Error: Invalid table name (MyIngress.dst_entropy_term)
RuntimeCmd: Error: Invalid table name (MyIngress.dst_entropy_term)
RuntimeCmd: Error: Invalid table name (MyIngress.dst_entropy_term)
RuntimeCmd: Error: Invalid table name (MyIngress.dst_entropy_term)
RuntimeCmd: Error: Invalid table name (MyIngress.dst_entropy_term)
RuntimeCmd: Error: Invalid table name (MyIngress.dst_entropy_term)
RuntimeCmd: Error: Invalid table name (MyIngress.dst_entropy_term)
RuntimeCmd: Error: Invalid table name (MyIngress.dst_entropy_term)
RuntimeCmd: Error: Invalid table name (MyIngress.dst_entropy_term)
RuntimeCmd: Error: Invalid table name (MyIngress.dst_entropy_term)
RuntimeCmd: Error: Invalid table name (MyIngress.dst_entropy_term)
RuntimeCmd: Error: Invalid table name (MyIngress.dst_entropy_term)
RuntimeCmd: Error: Invalid table name (MyIngress.dst_entropy_term)
RuntimeCmd: Error: Invalid table name (MyIngress.dst_entropy_term)
RuntimeCmd: Error: Invalid table name (MyIngress.dst_entropy_term)
RuntimeCmd: Error: Invalid table name (MyIngress.dst_entropy_term)
RuntimeCmd: Error: Invalid table name (MyIngress.dst_entropy_term)
RuntimeCmd: Error: Invalid table name (MyIngress.dst_entropy_term)
RuntimeCmd: Error: Invalid table name (MyIngress.dst_entropy_term)
RuntimeCmd: Error: Invalid table name (MyIngress.dst_entropy_term)
RuntimeCmd: Error: Invalid table name (MyIngress.dst_entropy_term)
RuntimeCmd: Error: Invalid table name (MyIngress.dst_entropy_term)
RuntimeCmd: Error: Invalid table name (MyIngress.dst_entropy_term)
RuntimeCmd: Error: Invalid table name (MyIngress.dst_entropy_term)
RuntimeCmd: Error: Invalid table name (MyIngress.dst_entropy_term)
RuntimeCmd: Error: Invalid table name (MyIngress.dst_entropy_term)
RuntimeCmd: Error: Invalid table name (MyIngress.dst_entropy_term)
RuntimeCmd: Error: Invalid table name (MyIngress.dst_entropy_term)
RuntimeCmd: Error: Invalid table name (MyIngress.dst_entropy_term)
RuntimeCmd: Error: Invalid table name (MyIngress.dst_entropy_term)
RuntimeCmd: Error: Invalid table name (MyIngress.dst_entropy_term)
RuntimeCmd: Error: Invalid table name (MyIngress.dst_entropy_term)
RuntimeCmd: Error: Invalid table name (MyIngress.dst_entropy_term)
RuntimeCmd: Error: Invalid table name (MyIngress.dst_entropy_term)
RuntimeCmd: Error: Invalid table name (MyIngress.dst_entropy_term)
RuntimeCmd: Error: Invalid table name (MyIngress.dst_entropy_term)
RuntimeCmd: Error: Invalid table name (MyIngress.dst_entropy_term)
RuntimeCmd: Error: Invalid table name (MyIngress.dst_entropy_term)
RuntimeCmd: Error: Invalid table name (MyIngress.dst_entropy_term)
RuntimeCmd: Error: Invalid table name (MyIngress.dst_entropy_term)
RuntimeCmd: Error: Invalid table name (MyIngress.dst_entropy_term)
RuntimeCmd: Error: Invalid table name (MyIngress.dst_entropy_term)
RuntimeCmd: Error: Invalid table name (MyIngress.dst_entropy_term)
RuntimeCmd: Error: Invalid table name (MyIngress.dst_entropy_term)
RuntimeCmd: Error: Invalid table name (MyIngress.dst_entropy_term)
RuntimeCmd: Error: Invalid table name (MyIngress.dst_entropy_term)
RuntimeCmd: Error: Invalid table name (MyIngress.dst_entropy_term)
RuntimeCmd: Error: Invalid table name (MyIngress.dst_entropy_term)
RuntimeCmd: Error: Invalid table name (MyIngress.dst_entropy_term)
RuntimeCmd: Error: Invalid table name (MyIngress.dst_entropy_term)
RuntimeCmd: Error: Invalid table name (MyIngress.dst_entropy_term)
RuntimeCmd: Error: Invalid table name (MyIngress.dst_entropy_term)
RuntimeCmd: Error: Invalid table name (MyIngress.dst_entropy_term)
RuntimeCmd: Error: Invalid table name (MyIngress.dst_entropy_term)
RuntimeCmd: Error: Invalid table name (MyIngress.dst_entropy_term)
RuntimeCmd: Error: Invalid table name (MyIngress.dst_entropy_term)
RuntimeCmd: Error: Invalid table name (MyIngress.dst_entropy_term)
RuntimeCmd: Error: Invalid table name (MyIngress.dst_entropy_term)
RuntimeCmd: Error: Invalid table name (MyIngress.dst_entropy_term)
RuntimeCmd: Error: Invalid table name (MyIngress.dst_entropy_term)
RuntimeCmd: Error: Invalid table name (MyIngress.dst_entropy_term)
RuntimeCmd: Error: Invalid table name (MyIngress.dst_entropy_term)
RuntimeCmd: Error: Invalid table name (MyIngress.dst_entropy_term)
RuntimeCmd: Error: Invalid table name (MyIngress.dst_entropy_term)
RuntimeCmd: Error: Invalid table name (MyIngress.dst_entropy_term)
RuntimeCmd: Error: Invalid table name (MyIngress.dst_entropy_term)
RuntimeCmd: Error: Invalid table name (MyIngress.dst_entropy_term)
RuntimeCmd: Error: Invalid table name (MyIngress.dst_entropy_term)
RuntimeCmd: Error: Invalid table name (MyIngress.dst_entropy_term)
RuntimeCmd: Error: Invalid table name (MyIngress.dst_entropy_term)
RuntimeCmd: Error: Invalid table name (MyIngress.dst_entropy_term)
RuntimeCmd: Error: Invalid table name (MyIngress.dst_entropy_term)
RuntimeCmd: Error: Invalid table name (MyIngress.dst_entropy_term)
RuntimeCmd: Error: Invalid table name (MyIngress.dst_entropy_term)
RuntimeCmd: Error: Invalid table name (MyIngress.dst_entropy_term)
RuntimeCmd: Error: Invalid table name (MyIngress.dst_entropy_term)
RuntimeCmd: Error: Invalid table name (MyIngress.dst_entropy_term)
RuntimeCmd: Error: Invalid table name (MyIngress.dst_entropy_term)
RuntimeCmd: Error: Invalid table name (MyIngress.dst_entropy_term)
RuntimeCmd: Error: Invalid table name (MyIngress.dst_entropy_term)
RuntimeCmd: Error: Invalid table name (MyIngress.dst_entropy_term)
RuntimeCmd: Error: Invalid table name (MyIngress.dst_entropy_term)
RuntimeCmd: Error: Invalid table name (MyIngress.dst_entropy_term)
RuntimeCmd: Error: Invalid table name (MyIngress.dst_entropy_term)
RuntimeCmd: Error: Invalid table name (MyIngress.dst_entropy_term)
RuntimeCmd: Error: Invalid table name (MyIngress.dst_entropy_term)
RuntimeCmd: Error: Invalid table name (MyIngress.dst_entropy_term)
RuntimeCmd: Error: Invalid table name (MyIngress.dst_entropy_term)
RuntimeCmd: Error: Invalid table name (MyIngress.dst_entropy_term)
RuntimeCmd: Error: Invalid table name (MyIngress.dst_entropy_term)
RuntimeCmd: Error: Invalid table name (MyIngress.dst_entropy_term)
RuntimeCmd: Error: Invalid table name (MyIngress.dst_entropy_term)
RuntimeCmd: Error: Invalid table name (MyIngress.dst_entropy_term)
RuntimeCmd: Error: Invalid table name (MyIngress.dst_entropy_term)
RuntimeCmd: Error: Invalid table name (MyIngress.dst_entropy_term)
RuntimeCmd: Error: Invalid table name (MyIngress.dst_entropy_term)
RuntimeCmd: Error: Invalid table name (MyIngress.dst_entropy_term)
RuntimeCmd: Error: Invalid table name (MyIngress.dst_entropy_term)
RuntimeCmd: Error: Invalid table name (MyIngress.dst_entropy_term)
RuntimeCmd: Error: Invalid table name (MyIngress.dst_entropy_term)
RuntimeCmd: Error: Invalid table name (MyIngress.dst_entropy_term)
RuntimeCmd: Error: Invalid table name (MyIngress.dst_entropy_term)
RuntimeCmd: 
